Örnek hata mesajı.
Örnek hata mesajı.
Örnek hata mesajı.
Örnek hata mesajı.
Örnek hata mesajı.
Örnek hata mesajı.
Örnek hata mesajı.
Örnek hata mesajı.
Örnek hata mesajı.
Örnek hata mesajı.
Örnek hata mesajı.
[2025-04-11 12:52:59] Hata: Undefined variable $xsd009 | Dosya: /var/www/vhosts/turkiyeemlaksitesi.com.tr/izmiremlakbirligi.com.tr/methods/mdetect.php | Satır: 34
Örnek hata mesajı.
Örnek hata mesajı.
[2025-04-11 13:22:47] Hata: Undefined variable $xsd009 | Dosya: /var/www/vhosts/turkiyeemlaksitesi.com.tr/izmiremlakbirligi.com.tr/methods/mdetect.php | Satır: 35
Örnek hata mesajı.
Örnek hata mesajı.
[2025-04-11 13:36:32] Hata: Undefined variable $xsd009 | Dosya: /var/www/vhosts/turkiyeemlaksitesi.com.tr/izmiremlakbirligi.com.tr/methods/mdetect.php | Satır: 35
Örnek hata mesajı.
Örnek hata mesajı.
[2025-04-11 13:36:35] Hata: Undefined variable $xsd009 | Dosya: /var/www/vhosts/turkiyeemlaksitesi.com.tr/izmiremlakbirligi.com.tr/methods/mdetect.php | Satır: 35
Örnek hata mesajı.
Örnek hata mesajı.
[2025-04-11 13:42:38] Hata: Undefined variable $xsd009 | Dosya: /var/www/vhosts/turkiyeemlaksitesi.com.tr/izmiremlakbirligi.com.tr/methods/mdetect.php | Satır: 35
Örnek hata mesajı.
Örnek hata mesajı.
[2025-04-11 13:43:43] Hata: Undefined variable $xsd009 | Dosya: /var/www/vhosts/turkiyeemlaksitesi.com.tr/izmiremlakbirligi.com.tr/methods/mdetect.php | Satır: 35
Örnek hata mesajı.
Örnek hata mesajı.
[2025-04-11 13:43:45] Hata: Undefined variable $xsd009 | Dosya: /var/www/vhosts/turkiyeemlaksitesi.com.tr/izmiremlakbirligi.com.tr/methods/mdetect.php | Satır: 35
Örnek hata mesajı.
Örnek hata mesajı.
[2025-04-11 13:44:22] Hata: Undefined variable $xsd009 | Dosya: /var/www/vhosts/turkiyeemlaksitesi.com.tr/izmiremlakbirligi.com.tr/methods/mdetect.php | Satır: 35
Örnek hata mesajı.
Örnek hata mesajı.
[2025-04-11 13:45:39] Hata: Undefined variable $xsd009 | Dosya: /var/www/vhosts/turkiyeemlaksitesi.com.tr/izmiremlakbirligi.com.tr/methods/mdetect.php | Satır: 35
[2025-04-11 13:45:40] Hata: file_get_contents(http://www.izmiremlakbirligi.com.tr/license): Failed to open stream: HTTP request failed! HTTP/1.1 404 Not Found
 | Dosya: /var/www/vhosts/turkiyeemlaksitesi.com.tr/izmiremlakbirligi.com.tr/methods/mdetect.php | Satır: 36
Örnek hata mesajı.
Örnek hata mesajı.
[2025-04-11 13:46:12] Hata: Undefined variable $xsd006 | Dosya: /var/www/vhosts/turkiyeemlaksitesi.com.tr/izmiremlakbirligi.com.tr/methods/msagete.php | Satır: 253
Örnek hata mesajı.
Örnek hata mesajı.
[2025-04-11 13:46:17] Hata: Undefined variable $xsd006 | Dosya: /var/www/vhosts/turkiyeemlaksitesi.com.tr/izmiremlakbirligi.com.tr/methods/msagete.php | Satır: 253
Örnek hata mesajı.
Örnek hata mesajı.
[2025-04-11 13:46:52] Hata: Undefined variable $xsd009 | Dosya: /var/www/vhosts/turkiyeemlaksitesi.com.tr/izmiremlakbirligi.com.tr/methods/mdetect.php | Satır: 35
Örnek hata mesajı.
Örnek hata mesajı.
[2025-04-11 14:02:16] Hata: Undefined variable $xsd006 | Dosya: /var/www/vhosts/turkiyeemlaksitesi.com.tr/izmiremlakbirligi.com.tr/methods/msagete.php | Satır: 253
Örnek hata mesajı.
Örnek hata mesajı.
[2025-04-11 14:02:24] Hata: Undefined variable $xsd006 | Dosya: /var/www/vhosts/turkiyeemlaksitesi.com.tr/izmiremlakbirligi.com.tr/methods/msagete.php | Satır: 253
Örnek hata mesajı.
Örnek hata mesajı.
[2025-04-11 14:10:30] Hata: Undefined variable $xsd006 | Dosya: /var/www/vhosts/turkiyeemlaksitesi.com.tr/izmiremlakbirligi.com.tr/methods/msagete.php | Satır: 253
Örnek hata mesajı.
Örnek hata mesajı.
[2025-04-11 14:10:33] Hata: Undefined variable $xsd006 | Dosya: /var/www/vhosts/turkiyeemlaksitesi.com.tr/izmiremlakbirligi.com.tr/methods/msagete.php | Satır: 253
Örnek hata mesajı.
Örnek hata mesajı.
Örnek hata mesajı.
Örnek hata mesajı.
Örnek hata mesajı.
Örnek hata mesajı.
Örnek hata mesajı.
Örnek hata mesajı.
Örnek hata mesajı.
Örnek hata mesajı.
Örnek hata mesajı.
Örnek hata mesajı.
Örnek hata mesajı.
Örnek hata mesajı.
Örnek hata mesajı.
Örnek hata mesajı.
Örnek hata mesajı.
Örnek hata mesajı.
Örnek hata mesajı.
Örnek hata mesajı.
Örnek hata mesajı.
Örnek hata mesajı.
Örnek hata mesajı.
Örnek hata mesajı.
