[11-Apr-2025 19:51:47 Asia/Riyadh] PHP Fatal error:  Uncaught TypeError: msagete_security::harf_rakam(): Argument #1 ($string) must be of type string, null given, called in /var/www/vhosts/turkiyeemlaksitesi.com.tr/izmiremlakbirligi.com.tr/index.php on line 21 and defined in /var/www/vhosts/turkiyeemlaksitesi.com.tr/izmiremlakbirligi.com.tr/methods/msagete.php:122
Stack trace:
#0 /var/www/vhosts/turkiyeemlaksitesi.com.tr/izmiremlakbirligi.com.tr/index.php(21): msagete_security->harf_rakam()
#1 {main}
  thrown in /var/www/vhosts/turkiyeemlaksitesi.com.tr/izmiremlakbirligi.com.tr/methods/msagete.php on line 122
[11-Apr-2025 20:13:13 Asia/Riyadh] PHP Fatal error:  Uncaught TypeError: msagete_security::harf_rakam(): Argument #1 ($string) must be of type string, null given, called in /var/www/vhosts/turkiyeemlaksitesi.com.tr/izmiremlakbirligi.com.tr/index.php on line 21 and defined in /var/www/vhosts/turkiyeemlaksitesi.com.tr/izmiremlakbirligi.com.tr/methods/msagete.php:122
Stack trace:
#0 /var/www/vhosts/turkiyeemlaksitesi.com.tr/izmiremlakbirligi.com.tr/index.php(21): msagete_security->harf_rakam()
#1 {main}
  thrown in /var/www/vhosts/turkiyeemlaksitesi.com.tr/izmiremlakbirligi.com.tr/methods/msagete.php on line 122
[11-Apr-2025 22:47:54 Asia/Riyadh] PHP Fatal error:  Uncaught TypeError: msagete_security::harf_rakam(): Argument #1 ($string) must be of type string, null given, called in /var/www/vhosts/turkiyeemlaksitesi.com.tr/izmiremlakbirligi.com.tr/admin/index.php on line 27 and defined in /var/www/vhosts/turkiyeemlaksitesi.com.tr/izmiremlakbirligi.com.tr/methods/msagete.php:122
Stack trace:
#0 /var/www/vhosts/turkiyeemlaksitesi.com.tr/izmiremlakbirligi.com.tr/admin/index.php(27): msagete_security->harf_rakam()
#1 {main}
  thrown in /var/www/vhosts/turkiyeemlaksitesi.com.tr/izmiremlakbirligi.com.tr/methods/msagete.php on line 122
[11-Apr-2025 23:04:06 Asia/Riyadh] PHP Fatal error:  Uncaught TypeError: msagete_security::harf_rakam(): Argument #1 ($string) must be of type string, null given, called in /var/www/vhosts/turkiyeemlaksitesi.com.tr/izmiremlakbirligi.com.tr/admin/index.php on line 27 and defined in /var/www/vhosts/turkiyeemlaksitesi.com.tr/izmiremlakbirligi.com.tr/methods/msagete.php:122
Stack trace:
#0 /var/www/vhosts/turkiyeemlaksitesi.com.tr/izmiremlakbirligi.com.tr/admin/index.php(27): msagete_security->harf_rakam()
#1 {main}
  thrown in /var/www/vhosts/turkiyeemlaksitesi.com.tr/izmiremlakbirligi.com.tr/methods/msagete.php on line 122
[11-Apr-2025 23:04:21 Asia/Riyadh] PHP Fatal error:  Uncaught TypeError: msagete_security::harf_rakam(): Argument #1 ($string) must be of type string, null given, called in /var/www/vhosts/turkiyeemlaksitesi.com.tr/izmiremlakbirligi.com.tr/admin/index.php on line 27 and defined in /var/www/vhosts/turkiyeemlaksitesi.com.tr/izmiremlakbirligi.com.tr/methods/msagete.php:122
Stack trace:
#0 /var/www/vhosts/turkiyeemlaksitesi.com.tr/izmiremlakbirligi.com.tr/admin/index.php(27): msagete_security->harf_rakam()
#1 {main}
  thrown in /var/www/vhosts/turkiyeemlaksitesi.com.tr/izmiremlakbirligi.com.tr/methods/msagete.php on line 122
[11-Apr-2025 23:04:42 Asia/Riyadh] PHP Fatal error:  Uncaught TypeError: msagete_security::harf_rakam(): Argument #1 ($string) must be of type string, null given, called in /var/www/vhosts/turkiyeemlaksitesi.com.tr/izmiremlakbirligi.com.tr/admin/index.php on line 27 and defined in /var/www/vhosts/turkiyeemlaksitesi.com.tr/izmiremlakbirligi.com.tr/methods/msagete.php:122
Stack trace:
#0 /var/www/vhosts/turkiyeemlaksitesi.com.tr/izmiremlakbirligi.com.tr/admin/index.php(27): msagete_security->harf_rakam()
#1 {main}
  thrown in /var/www/vhosts/turkiyeemlaksitesi.com.tr/izmiremlakbirligi.com.tr/methods/msagete.php on line 122
[11-Apr-2025 23:09:06 Asia/Riyadh] PHP Fatal error:  Uncaught TypeError: msagete_security::harf_rakam(): Argument #1 ($string) must be of type string, null given, called in /var/www/vhosts/turkiyeemlaksitesi.com.tr/izmiremlakbirligi.com.tr/admin/index.php on line 27 and defined in /var/www/vhosts/turkiyeemlaksitesi.com.tr/izmiremlakbirligi.com.tr/methods/msagete.php:122
Stack trace:
#0 /var/www/vhosts/turkiyeemlaksitesi.com.tr/izmiremlakbirligi.com.tr/admin/index.php(27): msagete_security->harf_rakam()
#1 {main}
  thrown in /var/www/vhosts/turkiyeemlaksitesi.com.tr/izmiremlakbirligi.com.tr/methods/msagete.php on line 122
[11-Apr-2025 23:13:02 Asia/Riyadh] PHP Fatal error:  Uncaught TypeError: htmlspecialchars(): Argument #1 ($string) must be of type string, int given in /var/www/vhosts/turkiyeemlaksitesi.com.tr/izmiremlakbirligi.com.tr/admin/index.php:142
Stack trace:
#0 /var/www/vhosts/turkiyeemlaksitesi.com.tr/izmiremlakbirligi.com.tr/admin/index.php(142): htmlspecialchars()
#1 {main}
  thrown in /var/www/vhosts/turkiyeemlaksitesi.com.tr/izmiremlakbirligi.com.tr/admin/index.php on line 142
[11-Apr-2025 23:13:26 Asia/Riyadh] PHP Fatal error:  Uncaught TypeError: htmlspecialchars(): Argument #1 ($string) must be of type string, int given in /var/www/vhosts/turkiyeemlaksitesi.com.tr/izmiremlakbirligi.com.tr/admin/index.php:142
Stack trace:
#0 /var/www/vhosts/turkiyeemlaksitesi.com.tr/izmiremlakbirligi.com.tr/admin/index.php(142): htmlspecialchars()
#1 {main}
  thrown in /var/www/vhosts/turkiyeemlaksitesi.com.tr/izmiremlakbirligi.com.tr/admin/index.php on line 142
[11-Apr-2025 23:13:28 Asia/Riyadh] PHP Fatal error:  Uncaught TypeError: htmlspecialchars(): Argument #1 ($string) must be of type string, int given in /var/www/vhosts/turkiyeemlaksitesi.com.tr/izmiremlakbirligi.com.tr/admin/index.php:142
Stack trace:
#0 /var/www/vhosts/turkiyeemlaksitesi.com.tr/izmiremlakbirligi.com.tr/admin/index.php(142): htmlspecialchars()
#1 {main}
  thrown in /var/www/vhosts/turkiyeemlaksitesi.com.tr/izmiremlakbirligi.com.tr/admin/index.php on line 142
[11-Apr-2025 23:13:29 Asia/Riyadh] PHP Fatal error:  Uncaught TypeError: htmlspecialchars(): Argument #1 ($string) must be of type string, int given in /var/www/vhosts/turkiyeemlaksitesi.com.tr/izmiremlakbirligi.com.tr/admin/index.php:142
Stack trace:
#0 /var/www/vhosts/turkiyeemlaksitesi.com.tr/izmiremlakbirligi.com.tr/admin/index.php(142): htmlspecialchars()
#1 {main}
  thrown in /var/www/vhosts/turkiyeemlaksitesi.com.tr/izmiremlakbirligi.com.tr/admin/index.php on line 142
[11-Apr-2025 23:13:31 Asia/Riyadh] PHP Fatal error:  Uncaught TypeError: htmlspecialchars(): Argument #1 ($string) must be of type string, int given in /var/www/vhosts/turkiyeemlaksitesi.com.tr/izmiremlakbirligi.com.tr/admin/index.php:142
Stack trace:
#0 /var/www/vhosts/turkiyeemlaksitesi.com.tr/izmiremlakbirligi.com.tr/admin/index.php(142): htmlspecialchars()
#1 {main}
  thrown in /var/www/vhosts/turkiyeemlaksitesi.com.tr/izmiremlakbirligi.com.tr/admin/index.php on line 142
[11-Apr-2025 23:13:34 Asia/Riyadh] PHP Fatal error:  Uncaught TypeError: htmlspecialchars(): Argument #1 ($string) must be of type string, int given in /var/www/vhosts/turkiyeemlaksitesi.com.tr/izmiremlakbirligi.com.tr/admin/index.php:142
Stack trace:
#0 /var/www/vhosts/turkiyeemlaksitesi.com.tr/izmiremlakbirligi.com.tr/admin/index.php(142): htmlspecialchars()
#1 {main}
  thrown in /var/www/vhosts/turkiyeemlaksitesi.com.tr/izmiremlakbirligi.com.tr/admin/index.php on line 142
[11-Apr-2025 23:15:38 Asia/Riyadh] PHP Fatal error:  Uncaught TypeError: htmlspecialchars(): Argument #1 ($string) must be of type string, int given in /var/www/vhosts/turkiyeemlaksitesi.com.tr/izmiremlakbirligi.com.tr/admin/index.php:142
Stack trace:
#0 /var/www/vhosts/turkiyeemlaksitesi.com.tr/izmiremlakbirligi.com.tr/admin/index.php(142): htmlspecialchars()
#1 {main}
  thrown in /var/www/vhosts/turkiyeemlaksitesi.com.tr/izmiremlakbirligi.com.tr/admin/index.php on line 142
[11-Apr-2025 23:26:42 Asia/Riyadh] PHP Fatal error:  Uncaught TypeError: htmlspecialchars(): Argument #1 ($string) must be of type string, int given in /var/www/vhosts/turkiyeemlaksitesi.com.tr/izmiremlakbirligi.com.tr/admin/index.php:142
Stack trace:
#0 /var/www/vhosts/turkiyeemlaksitesi.com.tr/izmiremlakbirligi.com.tr/admin/index.php(142): htmlspecialchars()
#1 {main}
  thrown in /var/www/vhosts/turkiyeemlaksitesi.com.tr/izmiremlakbirligi.com.tr/admin/index.php on line 142
[11-Apr-2025 23:37:29 Asia/Riyadh] PHP Fatal error:  Uncaught TypeError: htmlspecialchars(): Argument #1 ($string) must be of type string, int given in /var/www/vhosts/turkiyeemlaksitesi.com.tr/izmiremlakbirligi.com.tr/admin/index.php:142
Stack trace:
#0 /var/www/vhosts/turkiyeemlaksitesi.com.tr/izmiremlakbirligi.com.tr/admin/index.php(142): htmlspecialchars()
#1 {main}
  thrown in /var/www/vhosts/turkiyeemlaksitesi.com.tr/izmiremlakbirligi.com.tr/admin/index.php on line 142
[11-Apr-2025 23:37:32 Asia/Riyadh] PHP Fatal error:  Uncaught TypeError: htmlspecialchars(): Argument #1 ($string) must be of type string, int given in /var/www/vhosts/turkiyeemlaksitesi.com.tr/izmiremlakbirligi.com.tr/admin/index.php:142
Stack trace:
#0 /var/www/vhosts/turkiyeemlaksitesi.com.tr/izmiremlakbirligi.com.tr/admin/index.php(142): htmlspecialchars()
#1 {main}
  thrown in /var/www/vhosts/turkiyeemlaksitesi.com.tr/izmiremlakbirligi.com.tr/admin/index.php on line 142
[11-Apr-2025 23:37:34 Asia/Riyadh] PHP Fatal error:  Uncaught TypeError: htmlspecialchars(): Argument #1 ($string) must be of type string, int given in /var/www/vhosts/turkiyeemlaksitesi.com.tr/izmiremlakbirligi.com.tr/admin/index.php:142
Stack trace:
#0 /var/www/vhosts/turkiyeemlaksitesi.com.tr/izmiremlakbirligi.com.tr/admin/index.php(142): htmlspecialchars()
#1 {main}
  thrown in /var/www/vhosts/turkiyeemlaksitesi.com.tr/izmiremlakbirligi.com.tr/admin/index.php on line 142
[11-Apr-2025 23:37:38 Asia/Riyadh] PHP Fatal error:  Uncaught TypeError: htmlspecialchars(): Argument #1 ($string) must be of type string, int given in /var/www/vhosts/turkiyeemlaksitesi.com.tr/izmiremlakbirligi.com.tr/admin/index.php:142
Stack trace:
#0 /var/www/vhosts/turkiyeemlaksitesi.com.tr/izmiremlakbirligi.com.tr/admin/index.php(142): htmlspecialchars()
#1 {main}
  thrown in /var/www/vhosts/turkiyeemlaksitesi.com.tr/izmiremlakbirligi.com.tr/admin/index.php on line 142
[11-Apr-2025 23:58:06 Asia/Riyadh] PHP Fatal error:  Uncaught TypeError: htmlspecialchars(): Argument #1 ($string) must be of type string, int given in /var/www/vhosts/turkiyeemlaksitesi.com.tr/izmiremlakbirligi.com.tr/admin/index.php:142
Stack trace:
#0 /var/www/vhosts/turkiyeemlaksitesi.com.tr/izmiremlakbirligi.com.tr/admin/index.php(142): htmlspecialchars()
#1 {main}
  thrown in /var/www/vhosts/turkiyeemlaksitesi.com.tr/izmiremlakbirligi.com.tr/admin/index.php on line 142
[11-Apr-2025 23:58:07 Asia/Riyadh] PHP Fatal error:  Uncaught TypeError: htmlspecialchars(): Argument #1 ($string) must be of type string, int given in /var/www/vhosts/turkiyeemlaksitesi.com.tr/izmiremlakbirligi.com.tr/admin/index.php:142
Stack trace:
#0 /var/www/vhosts/turkiyeemlaksitesi.com.tr/izmiremlakbirligi.com.tr/admin/index.php(142): htmlspecialchars()
#1 {main}
  thrown in /var/www/vhosts/turkiyeemlaksitesi.com.tr/izmiremlakbirligi.com.tr/admin/index.php on line 142
[11-Apr-2025 23:58:09 Asia/Riyadh] PHP Fatal error:  Uncaught TypeError: htmlspecialchars(): Argument #1 ($string) must be of type string, int given in /var/www/vhosts/turkiyeemlaksitesi.com.tr/izmiremlakbirligi.com.tr/admin/index.php:142
Stack trace:
#0 /var/www/vhosts/turkiyeemlaksitesi.com.tr/izmiremlakbirligi.com.tr/admin/index.php(142): htmlspecialchars()
#1 {main}
  thrown in /var/www/vhosts/turkiyeemlaksitesi.com.tr/izmiremlakbirligi.com.tr/admin/index.php on line 142
[11-Apr-2025 23:58:10 Asia/Riyadh] PHP Fatal error:  Uncaught TypeError: htmlspecialchars(): Argument #1 ($string) must be of type string, int given in /var/www/vhosts/turkiyeemlaksitesi.com.tr/izmiremlakbirligi.com.tr/admin/index.php:142
Stack trace:
#0 /var/www/vhosts/turkiyeemlaksitesi.com.tr/izmiremlakbirligi.com.tr/admin/index.php(142): htmlspecialchars()
#1 {main}
  thrown in /var/www/vhosts/turkiyeemlaksitesi.com.tr/izmiremlakbirligi.com.tr/admin/index.php on line 142
[11-Apr-2025 23:58:11 Asia/Riyadh] PHP Fatal error:  Uncaught TypeError: htmlspecialchars(): Argument #1 ($string) must be of type string, int given in /var/www/vhosts/turkiyeemlaksitesi.com.tr/izmiremlakbirligi.com.tr/admin/index.php:142
Stack trace:
#0 /var/www/vhosts/turkiyeemlaksitesi.com.tr/izmiremlakbirligi.com.tr/admin/index.php(142): htmlspecialchars()
#1 {main}
  thrown in /var/www/vhosts/turkiyeemlaksitesi.com.tr/izmiremlakbirligi.com.tr/admin/index.php on line 142
[11-Apr-2025 23:58:24 Asia/Riyadh] PHP Fatal error:  Uncaught TypeError: htmlspecialchars(): Argument #1 ($string) must be of type string, int given in /var/www/vhosts/turkiyeemlaksitesi.com.tr/izmiremlakbirligi.com.tr/admin/index.php:142
Stack trace:
#0 /var/www/vhosts/turkiyeemlaksitesi.com.tr/izmiremlakbirligi.com.tr/admin/index.php(142): htmlspecialchars()
#1 {main}
  thrown in /var/www/vhosts/turkiyeemlaksitesi.com.tr/izmiremlakbirligi.com.tr/admin/index.php on line 142
[11-Apr-2025 23:58:26 Asia/Riyadh] PHP Fatal error:  Uncaught TypeError: htmlspecialchars(): Argument #1 ($string) must be of type string, int given in /var/www/vhosts/turkiyeemlaksitesi.com.tr/izmiremlakbirligi.com.tr/admin/index.php:142
Stack trace:
#0 /var/www/vhosts/turkiyeemlaksitesi.com.tr/izmiremlakbirligi.com.tr/admin/index.php(142): htmlspecialchars()
#1 {main}
  thrown in /var/www/vhosts/turkiyeemlaksitesi.com.tr/izmiremlakbirligi.com.tr/admin/index.php on line 142
[11-Apr-2025 23:58:28 Asia/Riyadh] PHP Fatal error:  Uncaught TypeError: htmlspecialchars(): Argument #1 ($string) must be of type string, int given in /var/www/vhosts/turkiyeemlaksitesi.com.tr/izmiremlakbirligi.com.tr/admin/index.php:142
Stack trace:
#0 /var/www/vhosts/turkiyeemlaksitesi.com.tr/izmiremlakbirligi.com.tr/admin/index.php(142): htmlspecialchars()
#1 {main}
  thrown in /var/www/vhosts/turkiyeemlaksitesi.com.tr/izmiremlakbirligi.com.tr/admin/index.php on line 142
[11-Apr-2025 23:58:34 Asia/Riyadh] PHP Fatal error:  Uncaught TypeError: htmlspecialchars(): Argument #1 ($string) must be of type string, int given in /var/www/vhosts/turkiyeemlaksitesi.com.tr/izmiremlakbirligi.com.tr/admin/index.php:142
Stack trace:
#0 /var/www/vhosts/turkiyeemlaksitesi.com.tr/izmiremlakbirligi.com.tr/admin/index.php(142): htmlspecialchars()
#1 {main}
  thrown in /var/www/vhosts/turkiyeemlaksitesi.com.tr/izmiremlakbirligi.com.tr/admin/index.php on line 142
[11-Apr-2025 23:58:37 Asia/Riyadh] PHP Fatal error:  Uncaught TypeError: htmlspecialchars(): Argument #1 ($string) must be of type string, int given in /var/www/vhosts/turkiyeemlaksitesi.com.tr/izmiremlakbirligi.com.tr/admin/index.php:142
Stack trace:
#0 /var/www/vhosts/turkiyeemlaksitesi.com.tr/izmiremlakbirligi.com.tr/admin/index.php(142): htmlspecialchars()
#1 {main}
  thrown in /var/www/vhosts/turkiyeemlaksitesi.com.tr/izmiremlakbirligi.com.tr/admin/index.php on line 142
[12-Apr-2025 00:15:39 Asia/Riyadh] PHP Fatal error:  Uncaught TypeError: htmlspecialchars(): Argument #1 ($string) must be of type string, int given in /var/www/vhosts/turkiyeemlaksitesi.com.tr/izmiremlakbirligi.com.tr/admin/index.php:142
Stack trace:
#0 /var/www/vhosts/turkiyeemlaksitesi.com.tr/izmiremlakbirligi.com.tr/admin/index.php(142): htmlspecialchars()
#1 {main}
  thrown in /var/www/vhosts/turkiyeemlaksitesi.com.tr/izmiremlakbirligi.com.tr/admin/index.php on line 142
[12-Apr-2025 00:18:51 Asia/Riyadh] Hata: Tema dizini (/var/www/vhosts/turkiyeemlaksitesi.com.tr/izmiremlakbirligi.com.tr/themes/default/) bulunamadı!
[12-Apr-2025 00:18:53 Asia/Riyadh] Hata: Tema dizini (/var/www/vhosts/turkiyeemlaksitesi.com.tr/izmiremlakbirligi.com.tr/themes/default/) bulunamadı!
[12-Apr-2025 00:18:55 Asia/Riyadh] Hata: Tema dizini (/var/www/vhosts/turkiyeemlaksitesi.com.tr/izmiremlakbirligi.com.tr/themes/default/) bulunamadı!
[12-Apr-2025 00:18:57 Asia/Riyadh] Hata: Tema dizini (/var/www/vhosts/turkiyeemlaksitesi.com.tr/izmiremlakbirligi.com.tr/themes/default/) bulunamadı!
[12-Apr-2025 00:18:59 Asia/Riyadh] Hata: Tema dizini (/var/www/vhosts/turkiyeemlaksitesi.com.tr/izmiremlakbirligi.com.tr/themes/default/) bulunamadı!
[12-Apr-2025 00:19:01 Asia/Riyadh] Hata: Tema dizini (/var/www/vhosts/turkiyeemlaksitesi.com.tr/izmiremlakbirligi.com.tr/themes/default/) bulunamadı!
[12-Apr-2025 00:19:02 Asia/Riyadh] Hata: Tema dizini (/var/www/vhosts/turkiyeemlaksitesi.com.tr/izmiremlakbirligi.com.tr/themes/default/) bulunamadı!
[12-Apr-2025 00:19:03 Asia/Riyadh] Hata: Tema dizini (/var/www/vhosts/turkiyeemlaksitesi.com.tr/izmiremlakbirligi.com.tr/themes/default/) bulunamadı!
[12-Apr-2025 00:19:05 Asia/Riyadh] Hata: Tema dizini (/var/www/vhosts/turkiyeemlaksitesi.com.tr/izmiremlakbirligi.com.tr/themes/default/) bulunamadı!
[12-Apr-2025 00:19:06 Asia/Riyadh] Hata: Tema dizini (/var/www/vhosts/turkiyeemlaksitesi.com.tr/izmiremlakbirligi.com.tr/themes/default/) bulunamadı!
[12-Apr-2025 00:23:14 Asia/Riyadh] Hata: Tema dizini (/var/www/vhosts/turkiyeemlaksitesi.com.tr/izmiremlakbirligi.com.tr/themes/default/) bulunamadı!
[12-Apr-2025 00:23:16 Asia/Riyadh] Hata: Tema dizini (/var/www/vhosts/turkiyeemlaksitesi.com.tr/izmiremlakbirligi.com.tr/themes/default/) bulunamadı!
[12-Apr-2025 00:23:17 Asia/Riyadh] Hata: Tema dizini (/var/www/vhosts/turkiyeemlaksitesi.com.tr/izmiremlakbirligi.com.tr/themes/default/) bulunamadı!
[12-Apr-2025 00:25:00 Asia/Riyadh] Hata: Tema dizini (/var/www/vhosts/turkiyeemlaksitesi.com.tr/izmiremlakbirligi.com.tr/themes/default/) bulunamadı veya geçersiz!
[12-Apr-2025 00:25:03 Asia/Riyadh] PHP Fatal error:  Uncaught TypeError: htmlspecialchars(): Argument #1 ($string) must be of type string, int given in /var/www/vhosts/turkiyeemlaksitesi.com.tr/izmiremlakbirligi.com.tr/admin/index.php:142
Stack trace:
#0 /var/www/vhosts/turkiyeemlaksitesi.com.tr/izmiremlakbirligi.com.tr/admin/index.php(142): htmlspecialchars()
#1 {main}
  thrown in /var/www/vhosts/turkiyeemlaksitesi.com.tr/izmiremlakbirligi.com.tr/admin/index.php on line 142
[12-Apr-2025 00:25:05 Asia/Riyadh] PHP Fatal error:  Uncaught TypeError: htmlspecialchars(): Argument #1 ($string) must be of type string, int given in /var/www/vhosts/turkiyeemlaksitesi.com.tr/izmiremlakbirligi.com.tr/admin/index.php:142
Stack trace:
#0 /var/www/vhosts/turkiyeemlaksitesi.com.tr/izmiremlakbirligi.com.tr/admin/index.php(142): htmlspecialchars()
#1 {main}
  thrown in /var/www/vhosts/turkiyeemlaksitesi.com.tr/izmiremlakbirligi.com.tr/admin/index.php on line 142
[12-Apr-2025 00:25:07 Asia/Riyadh] PHP Fatal error:  Uncaught TypeError: htmlspecialchars(): Argument #1 ($string) must be of type string, int given in /var/www/vhosts/turkiyeemlaksitesi.com.tr/izmiremlakbirligi.com.tr/admin/index.php:142
Stack trace:
#0 /var/www/vhosts/turkiyeemlaksitesi.com.tr/izmiremlakbirligi.com.tr/admin/index.php(142): htmlspecialchars()
#1 {main}
  thrown in /var/www/vhosts/turkiyeemlaksitesi.com.tr/izmiremlakbirligi.com.tr/admin/index.php on line 142
[12-Apr-2025 00:25:12 Asia/Riyadh] PHP Fatal error:  Uncaught TypeError: htmlspecialchars(): Argument #1 ($string) must be of type string, int given in /var/www/vhosts/turkiyeemlaksitesi.com.tr/izmiremlakbirligi.com.tr/admin/index.php:142
Stack trace:
#0 /var/www/vhosts/turkiyeemlaksitesi.com.tr/izmiremlakbirligi.com.tr/admin/index.php(142): htmlspecialchars()
#1 {main}
  thrown in /var/www/vhosts/turkiyeemlaksitesi.com.tr/izmiremlakbirligi.com.tr/admin/index.php on line 142
[12-Apr-2025 00:25:58 Asia/Riyadh] Hata: Tema dizini (/var/www/vhosts/turkiyeemlaksitesi.com.tr/izmiremlakbirligi.com.tr/themes/default/) bulunamadı veya geçersiz!
[12-Apr-2025 00:26:00 Asia/Riyadh] Hata: Tema dizini (/var/www/vhosts/turkiyeemlaksitesi.com.tr/izmiremlakbirligi.com.tr/themes/default/) bulunamadı veya geçersiz!
[12-Apr-2025 00:28:52 Asia/Riyadh] PHP Fatal error:  Uncaught TypeError: htmlspecialchars(): Argument #1 ($string) must be of type string, int given in /var/www/vhosts/turkiyeemlaksitesi.com.tr/izmiremlakbirligi.com.tr/admin/index.php:142
Stack trace:
#0 /var/www/vhosts/turkiyeemlaksitesi.com.tr/izmiremlakbirligi.com.tr/admin/index.php(142): htmlspecialchars()
#1 {main}
  thrown in /var/www/vhosts/turkiyeemlaksitesi.com.tr/izmiremlakbirligi.com.tr/admin/index.php on line 142
[12-Apr-2025 00:28:55 Asia/Riyadh] Hata: Tema dizini (/var/www/vhosts/turkiyeemlaksitesi.com.tr/izmiremlakbirligi.com.tr/themes/default/) bulunamadı veya geçersiz!
[12-Apr-2025 00:28:57 Asia/Riyadh] Hata: Tema dizini (/var/www/vhosts/turkiyeemlaksitesi.com.tr/izmiremlakbirligi.com.tr/themes/default/) bulunamadı veya geçersiz!
[12-Apr-2025 00:41:55 Asia/Riyadh] Hata: Tema dizini (/var/www/vhosts/turkiyeemlaksitesi.com.tr/izmiremlakbirligi.com.tr/themes/default/) bulunamadı veya geçersiz!
[12-Apr-2025 00:46:23 Asia/Riyadh] Hata: Tema dizini (/var/www/vhosts/turkiyeemlaksitesi.com.tr/izmiremlakbirligi.com.tr/themes/default/) bulunamadı veya geçersiz!
[12-Apr-2025 00:46:26 Asia/Riyadh] Hata: Tema dizini (/var/www/vhosts/turkiyeemlaksitesi.com.tr/izmiremlakbirligi.com.tr/themes/default/) bulunamadı veya geçersiz!
[12-Apr-2025 00:46:27 Asia/Riyadh] Hata: Tema dizini (/var/www/vhosts/turkiyeemlaksitesi.com.tr/izmiremlakbirligi.com.tr/themes/default/) bulunamadı veya geçersiz!
[12-Apr-2025 00:46:28 Asia/Riyadh] Hata: Tema dizini (/var/www/vhosts/turkiyeemlaksitesi.com.tr/izmiremlakbirligi.com.tr/themes/default/) bulunamadı veya geçersiz!
[12-Apr-2025 00:46:29 Asia/Riyadh] Hata: Tema dizini (/var/www/vhosts/turkiyeemlaksitesi.com.tr/izmiremlakbirligi.com.tr/themes/default/) bulunamadı veya geçersiz!
[12-Apr-2025 00:46:30 Asia/Riyadh] Hata: Tema dizini (/var/www/vhosts/turkiyeemlaksitesi.com.tr/izmiremlakbirligi.com.tr/themes/default/) bulunamadı veya geçersiz!
[12-Apr-2025 00:46:33 Asia/Riyadh] Hata: Tema dizini (/var/www/vhosts/turkiyeemlaksitesi.com.tr/izmiremlakbirligi.com.tr/themes/default/) bulunamadı veya geçersiz!
[12-Apr-2025 00:46:47 Asia/Riyadh] Hata: Tema dizini (/var/www/vhosts/turkiyeemlaksitesi.com.tr/izmiremlakbirligi.com.tr/themes/default/) bulunamadı veya geçersiz!
[12-Apr-2025 00:47:02 Asia/Riyadh] Hata: Tema dizini (/var/www/vhosts/turkiyeemlaksitesi.com.tr/izmiremlakbirligi.com.tr/themes/default/) bulunamadı veya geçersiz!
[12-Apr-2025 00:47:06 Asia/Riyadh] Hata: Tema dizini (/var/www/vhosts/turkiyeemlaksitesi.com.tr/izmiremlakbirligi.com.tr/themes/default/) bulunamadı veya geçersiz!
[12-Apr-2025 00:47:07 Asia/Riyadh] Hata: Tema dizini (/var/www/vhosts/turkiyeemlaksitesi.com.tr/izmiremlakbirligi.com.tr/themes/default/) bulunamadı veya geçersiz!
[12-Apr-2025 00:47:53 Asia/Riyadh] Hata: Tema dizini (/var/www/vhosts/turkiyeemlaksitesi.com.tr/izmiremlakbirligi.com.tr/themes/default/) bulunamadı veya geçersiz!
[12-Apr-2025 00:47:54 Asia/Riyadh] Hata: Tema dizini (/var/www/vhosts/turkiyeemlaksitesi.com.tr/izmiremlakbirligi.com.tr/themes/default/) bulunamadı veya geçersiz!
[12-Apr-2025 00:47:55 Asia/Riyadh] Hata: Tema dizini (/var/www/vhosts/turkiyeemlaksitesi.com.tr/izmiremlakbirligi.com.tr/themes/default/) bulunamadı veya geçersiz!
[12-Apr-2025 00:47:56 Asia/Riyadh] Hata: Tema dizini (/var/www/vhosts/turkiyeemlaksitesi.com.tr/izmiremlakbirligi.com.tr/themes/default/) bulunamadı veya geçersiz!
[12-Apr-2025 00:52:57 Asia/Riyadh] Hata: Tema dizini (/var/www/vhosts/turkiyeemlaksitesi.com.tr/izmiremlakbirligi.com.tr/themes/default/) bulunamadı veya erişilemez!
[12-Apr-2025 00:52:58 Asia/Riyadh] Hata: Tema dizini (/var/www/vhosts/turkiyeemlaksitesi.com.tr/izmiremlakbirligi.com.tr/themes/default/) bulunamadı veya erişilemez!
[12-Apr-2025 00:52:58 Asia/Riyadh] Hata: Tema dizini (/var/www/vhosts/turkiyeemlaksitesi.com.tr/izmiremlakbirligi.com.tr/themes/default/) bulunamadı veya erişilemez!
[12-Apr-2025 00:52:59 Asia/Riyadh] Hata: Tema dizini (/var/www/vhosts/turkiyeemlaksitesi.com.tr/izmiremlakbirligi.com.tr/themes/default/) bulunamadı veya erişilemez!
[12-Apr-2025 00:53:00 Asia/Riyadh] Hata: Tema dizini (/var/www/vhosts/turkiyeemlaksitesi.com.tr/izmiremlakbirligi.com.tr/themes/default/) bulunamadı veya erişilemez!
[12-Apr-2025 00:53:02 Asia/Riyadh] Hata: Tema dizini (/var/www/vhosts/turkiyeemlaksitesi.com.tr/izmiremlakbirligi.com.tr/themes/default/) bulunamadı veya erişilemez!
[12-Apr-2025 00:53:04 Asia/Riyadh] Hata: Tema dizini (/var/www/vhosts/turkiyeemlaksitesi.com.tr/izmiremlakbirligi.com.tr/themes/default/) bulunamadı veya erişilemez!
[12-Apr-2025 00:53:05 Asia/Riyadh] Hata: Tema dizini (/var/www/vhosts/turkiyeemlaksitesi.com.tr/izmiremlakbirligi.com.tr/themes/default/) bulunamadı veya erişilemez!
[12-Apr-2025 00:53:07 Asia/Riyadh] Hata: Tema dizini (/var/www/vhosts/turkiyeemlaksitesi.com.tr/izmiremlakbirligi.com.tr/themes/default/) bulunamadı veya erişilemez!
[12-Apr-2025 00:54:26 Asia/Riyadh] Hata: Tema dizini (/var/www/vhosts/turkiyeemlaksitesi.com.tr/izmiremlakbirligi.com.tr/themes/default/) bulunamadı veya erişilemez!
[12-Apr-2025 01:04:55 Asia/Riyadh] Hata: Geçerli bir tema dizini bulunamadı! Denenen yollar: /var/www/vhosts/turkiyeemlaksitesi.com.tr/izmiremlakbirligi.com.tr/themes/default/, /var/www/vhosts/turkiyeemlaksitesi.com.tr/izmiremlakbirligi.com.tr/templates/, /var/www/vhosts/turkiyeemlaksitesi.com.tr/izmiremlakbirligi.com.tr/
[12-Apr-2025 01:05:00 Asia/Riyadh] Hata: Geçerli bir tema dizini bulunamadı! Denenen yollar: /var/www/vhosts/turkiyeemlaksitesi.com.tr/izmiremlakbirligi.com.tr/themes/default/, /var/www/vhosts/turkiyeemlaksitesi.com.tr/izmiremlakbirligi.com.tr/templates/, /var/www/vhosts/turkiyeemlaksitesi.com.tr/izmiremlakbirligi.com.tr/
[12-Apr-2025 01:05:01 Asia/Riyadh] Hata: Geçerli bir tema dizini bulunamadı! Denenen yollar: /var/www/vhosts/turkiyeemlaksitesi.com.tr/izmiremlakbirligi.com.tr/themes/default/, /var/www/vhosts/turkiyeemlaksitesi.com.tr/izmiremlakbirligi.com.tr/templates/, /var/www/vhosts/turkiyeemlaksitesi.com.tr/izmiremlakbirligi.com.tr/
[12-Apr-2025 01:05:02 Asia/Riyadh] Hata: Geçerli bir tema dizini bulunamadı! Denenen yollar: /var/www/vhosts/turkiyeemlaksitesi.com.tr/izmiremlakbirligi.com.tr/themes/default/, /var/www/vhosts/turkiyeemlaksitesi.com.tr/izmiremlakbirligi.com.tr/templates/, /var/www/vhosts/turkiyeemlaksitesi.com.tr/izmiremlakbirligi.com.tr/
[12-Apr-2025 01:05:03 Asia/Riyadh] Hata: Geçerli bir tema dizini bulunamadı! Denenen yollar: /var/www/vhosts/turkiyeemlaksitesi.com.tr/izmiremlakbirligi.com.tr/themes/default/, /var/www/vhosts/turkiyeemlaksitesi.com.tr/izmiremlakbirligi.com.tr/templates/, /var/www/vhosts/turkiyeemlaksitesi.com.tr/izmiremlakbirligi.com.tr/
[12-Apr-2025 01:05:07 Asia/Riyadh] Hata: Geçerli bir tema dizini bulunamadı! Denenen yollar: /var/www/vhosts/turkiyeemlaksitesi.com.tr/izmiremlakbirligi.com.tr/themes/default/, /var/www/vhosts/turkiyeemlaksitesi.com.tr/izmiremlakbirligi.com.tr/templates/, /var/www/vhosts/turkiyeemlaksitesi.com.tr/izmiremlakbirligi.com.tr/
[12-Apr-2025 01:07:42 Asia/Riyadh] Hata: Geçerli bir tema dizini bulunamadı! Denenen yollar: /var/www/vhosts/turkiyeemlaksitesi.com.tr/izmiremlakbirligi.com.tr/themes/default/, /var/www/vhosts/turkiyeemlaksitesi.com.tr/izmiremlakbirligi.com.tr/templates/, /var/www/vhosts/turkiyeemlaksitesi.com.tr/izmiremlakbirligi.com.tr/
[12-Apr-2025 01:07:45 Asia/Riyadh] Hata: Geçerli bir tema dizini bulunamadı! Denenen yollar: /var/www/vhosts/turkiyeemlaksitesi.com.tr/izmiremlakbirligi.com.tr/themes/default/, /var/www/vhosts/turkiyeemlaksitesi.com.tr/izmiremlakbirligi.com.tr/templates/, /var/www/vhosts/turkiyeemlaksitesi.com.tr/izmiremlakbirligi.com.tr/
[12-Apr-2025 01:07:46 Asia/Riyadh] Hata: Geçerli bir tema dizini bulunamadı! Denenen yollar: /var/www/vhosts/turkiyeemlaksitesi.com.tr/izmiremlakbirligi.com.tr/themes/default/, /var/www/vhosts/turkiyeemlaksitesi.com.tr/izmiremlakbirligi.com.tr/templates/, /var/www/vhosts/turkiyeemlaksitesi.com.tr/izmiremlakbirligi.com.tr/
[12-Apr-2025 01:08:27 Asia/Riyadh] Hata: Geçerli bir tema dizini bulunamadı! Denenen yollar: /var/www/vhosts/turkiyeemlaksitesi.com.tr/izmiremlakbirligi.com.tr/themes/default/, /var/www/vhosts/turkiyeemlaksitesi.com.tr/izmiremlakbirligi.com.tr/templates/, /var/www/vhosts/turkiyeemlaksitesi.com.tr/izmiremlakbirligi.com.tr/
[12-Apr-2025 01:08:32 Asia/Riyadh] Hata: Geçerli bir tema dizini bulunamadı! Denenen yollar: /var/www/vhosts/turkiyeemlaksitesi.com.tr/izmiremlakbirligi.com.tr/themes/default/, /var/www/vhosts/turkiyeemlaksitesi.com.tr/izmiremlakbirligi.com.tr/templates/, /var/www/vhosts/turkiyeemlaksitesi.com.tr/izmiremlakbirligi.com.tr/
[12-Apr-2025 01:42:23 Asia/Riyadh] PHP Fatal error:  Uncaught TypeError: htmlspecialchars(): Argument #1 ($string) must be of type string, int given in /var/www/vhosts/turkiyeemlaksitesi.com.tr/izmiremlakbirligi.com.tr/admin/index.php:142
Stack trace:
#0 /var/www/vhosts/turkiyeemlaksitesi.com.tr/izmiremlakbirligi.com.tr/admin/index.php(142): htmlspecialchars()
#1 {main}
  thrown in /var/www/vhosts/turkiyeemlaksitesi.com.tr/izmiremlakbirligi.com.tr/admin/index.php on line 142
[12-Apr-2025 01:42:24 Asia/Riyadh] PHP Fatal error:  Uncaught TypeError: htmlspecialchars(): Argument #1 ($string) must be of type string, int given in /var/www/vhosts/turkiyeemlaksitesi.com.tr/izmiremlakbirligi.com.tr/admin/index.php:142
Stack trace:
#0 /var/www/vhosts/turkiyeemlaksitesi.com.tr/izmiremlakbirligi.com.tr/admin/index.php(142): htmlspecialchars()
#1 {main}
  thrown in /var/www/vhosts/turkiyeemlaksitesi.com.tr/izmiremlakbirligi.com.tr/admin/index.php on line 142
[12-Apr-2025 01:42:25 Asia/Riyadh] PHP Fatal error:  Uncaught TypeError: htmlspecialchars(): Argument #1 ($string) must be of type string, int given in /var/www/vhosts/turkiyeemlaksitesi.com.tr/izmiremlakbirligi.com.tr/admin/index.php:142
Stack trace:
#0 /var/www/vhosts/turkiyeemlaksitesi.com.tr/izmiremlakbirligi.com.tr/admin/index.php(142): htmlspecialchars()
#1 {main}
  thrown in /var/www/vhosts/turkiyeemlaksitesi.com.tr/izmiremlakbirligi.com.tr/admin/index.php on line 142
[12-Apr-2025 01:42:26 Asia/Riyadh] PHP Fatal error:  Uncaught TypeError: htmlspecialchars(): Argument #1 ($string) must be of type string, int given in /var/www/vhosts/turkiyeemlaksitesi.com.tr/izmiremlakbirligi.com.tr/admin/index.php:142
Stack trace:
#0 /var/www/vhosts/turkiyeemlaksitesi.com.tr/izmiremlakbirligi.com.tr/admin/index.php(142): htmlspecialchars()
#1 {main}
  thrown in /var/www/vhosts/turkiyeemlaksitesi.com.tr/izmiremlakbirligi.com.tr/admin/index.php on line 142
[12-Apr-2025 02:19:39 Asia/Riyadh] PHP Fatal error:  Uncaught TypeError: htmlspecialchars(): Argument #1 ($string) must be of type string, int given in /var/www/vhosts/turkiyeemlaksitesi.com.tr/izmiremlakbirligi.com.tr/admin/index.php:142
Stack trace:
#0 /var/www/vhosts/turkiyeemlaksitesi.com.tr/izmiremlakbirligi.com.tr/admin/index.php(142): htmlspecialchars()
#1 {main}
  thrown in /var/www/vhosts/turkiyeemlaksitesi.com.tr/izmiremlakbirligi.com.tr/admin/index.php on line 142
[12-Apr-2025 02:19:41 Asia/Riyadh] PHP Fatal error:  Uncaught TypeError: htmlspecialchars(): Argument #1 ($string) must be of type string, int given in /var/www/vhosts/turkiyeemlaksitesi.com.tr/izmiremlakbirligi.com.tr/admin/index.php:142
Stack trace:
#0 /var/www/vhosts/turkiyeemlaksitesi.com.tr/izmiremlakbirligi.com.tr/admin/index.php(142): htmlspecialchars()
#1 {main}
  thrown in /var/www/vhosts/turkiyeemlaksitesi.com.tr/izmiremlakbirligi.com.tr/admin/index.php on line 142
[12-Apr-2025 02:19:42 Asia/Riyadh] PHP Fatal error:  Uncaught TypeError: htmlspecialchars(): Argument #1 ($string) must be of type string, int given in /var/www/vhosts/turkiyeemlaksitesi.com.tr/izmiremlakbirligi.com.tr/admin/index.php:142
Stack trace:
#0 /var/www/vhosts/turkiyeemlaksitesi.com.tr/izmiremlakbirligi.com.tr/admin/index.php(142): htmlspecialchars()
#1 {main}
  thrown in /var/www/vhosts/turkiyeemlaksitesi.com.tr/izmiremlakbirligi.com.tr/admin/index.php on line 142
[12-Apr-2025 02:19:43 Asia/Riyadh] PHP Fatal error:  Uncaught TypeError: htmlspecialchars(): Argument #1 ($string) must be of type string, int given in /var/www/vhosts/turkiyeemlaksitesi.com.tr/izmiremlakbirligi.com.tr/admin/index.php:142
Stack trace:
#0 /var/www/vhosts/turkiyeemlaksitesi.com.tr/izmiremlakbirligi.com.tr/admin/index.php(142): htmlspecialchars()
#1 {main}
  thrown in /var/www/vhosts/turkiyeemlaksitesi.com.tr/izmiremlakbirligi.com.tr/admin/index.php on line 142
